<?xml version="1.0" encoding="UTF-8"?>
<testng-results ignored="0" total="1" passed="1" failed="0" skipped="0">
  <reporter-output>
  </reporter-output>
  <suite started-at="2023-10-02T14:15:11 IST" name="BankingAPPv1" finished-at="2023-10-02T14:15:20 IST" duration-ms="9039">
    <groups>
    </groups>
    <test started-at="2023-10-02T14:15:11 IST" name="BankingApp Test" finished-at="2023-10-02T14:15:20 IST" duration-ms="9039">
      <class name="com.banking.testCases.TC_LoginTest_001">
        <test-method is-config="true" signature="setup(java.lang.String)[pri:0, instance:com.banking.testCases.TC_LoginTest_001@45018215]" started-at="2023-10-02T14:15:11 IST" name="setup" finished-at="2023-10-02T14:15:17 IST" duration-ms="6204" status="PASS">
          <params>
            <param index="0">
              <value>
                <![CDATA[chrome]]>
              </value>
            </param>
          </params>
          <reporter-output>
          </reporter-output>
        </test-method> <!-- setup -->
        <test-method signature="loginTest()[pri:0, instance:com.banking.testCases.TC_LoginTest_001@45018215]" started-at="2023-10-02T14:15:17 IST" name="loginTest" finished-at="2023-10-02T14:15:19 IST" duration-ms="2362" status="PASS">
          <reporter-output>
          </reporter-output>
        </test-method> <!-- loginTest -->
        <test-method is-config="true" signature="tearDown()[pri:0, instance:com.banking.testCases.TC_LoginTest_001@45018215]" started-at="2023-10-02T14:15:19 IST" name="tearDown" finished-at="2023-10-02T14:15:20 IST" duration-ms="227" status="PASS">
          <reporter-output>
          </reporter-output>
        </test-method> <!-- tearDown -->
      </class> <!-- com.banking.testCases.TC_LoginTest_001 -->
    </test> <!-- BankingApp Test -->
  </suite> <!-- BankingAPPv1 -->
</testng-results>
